<?xml version="1.0" encoding="UTF-8"?>
<!-- Generated by org.testng.reporters.JUnitXMLReporter -->
<testsuite ignored="0" hostname="Emans-MacBook-Pro.local" failures="0" tests="10" name="Default test" time="24.306" errors="0" timestamp="2023-11-28T00:18:01 AST">
  <testcase classname="firstautomationprojectPSUT.MyTestCaese" name="myFirstTest" time="2.423"/>
  <testcase classname="firstautomationprojectPSUT.MyTestCaese" name="myFirstTest" time="2.365"/>
  <testcase classname="firstautomationprojectPSUT.MyTestCaese" name="myFirstTest" time="2.464"/>
  <testcase classname="firstautomationprojectPSUT.MyTestCaese" name="myFirstTest" time="2.375"/>
  <testcase classname="firstautomationprojectPSUT.MyTestCaese" name="myFirstTest" time="2.381"/>
  <testcase classname="firstautomationprojectPSUT.MyTestCaese" name="myFirstTest" time="2.312"/>
  <testcase classname="firstautomationprojectPSUT.MyTestCaese" name="myFirstTest" time="2.43"/>
  <testcase classname="firstautomationprojectPSUT.MyTestCaese" name="myFirstTest" time="2.3"/>
  <testcase classname="firstautomationprojectPSUT.MyTestCaese" name="myFirstTest" time="2.284"/>
  <testcase classname="firstautomationprojectPSUT.MyTestCaese" name="myFirstTest" time="2.281"/>
</testsuite> <!-- Default test -->
