<?xml version="1.0" encoding="UTF-8"?>
<testng-results ignored="0" total="10" passed="10" failed="0" skipped="0">
  <reporter-output>
  </reporter-output>
  <suite started-at="2023-11-28T00:17:37 AST" name="Default suite" finished-at="2023-11-28T00:18:01 AST" duration-ms="24306">
    <groups>
    </groups>
    <test started-at="2023-11-28T00:17:37 AST" name="Default test" finished-at="2023-11-28T00:18:01 AST" duration-ms="24306">
      <class name="firstautomationprojectPSUT.MyTestCaese">
        <test-method is-config="true" signature="setup()[pri:0, instance:firstautomationprojectPSUT.MyTestCaese@2b5825fa]" started-at="2023-11-28T00:17:37 AST" name="setup" finished-at="2023-11-28T00:17:38 AST" duration-ms="646" status="PASS">
          <reporter-output>
          </reporter-output>
        </test-method> <!-- setup -->
        <test-method signature="myFirstTest()[pri:0, instance:firstautomationprojectPSUT.MyTestCaese@2b5825fa]" started-at="2023-11-28T00:17:38 AST" name="myFirstTest" finished-at="2023-11-28T00:17:40 AST" duration-ms="2423" status="PASS">
          <reporter-output>
          </reporter-output>
        </test-method> <!-- myFirstTest -->
        <test-method signature="myFirstTest()[pri:0, instance:firstautomationprojectPSUT.MyTestCaese@2b5825fa]" started-at="2023-11-28T00:17:40 AST" name="myFirstTest" finished-at="2023-11-28T00:17:42 AST" duration-ms="2365" status="PASS">
          <reporter-output>
          </reporter-output>
        </test-method> <!-- myFirstTest -->
        <test-method signature="myFirstTest()[pri:0, instance:firstautomationprojectPSUT.MyTestCaese@2b5825fa]" started-at="2023-11-28T00:17:42 AST" name="myFirstTest" finished-at="2023-11-28T00:17:45 AST" duration-ms="2464" status="PASS">
          <reporter-output>
          </reporter-output>
        </test-method> <!-- myFirstTest -->
        <test-method signature="myFirstTest()[pri:0, instance:firstautomationprojectPSUT.MyTestCaese@2b5825fa]" started-at="2023-11-28T00:17:45 AST" name="myFirstTest" finished-at="2023-11-28T00:17:47 AST" duration-ms="2375" status="PASS">
          <reporter-output>
          </reporter-output>
        </test-method> <!-- myFirstTest -->
        <test-method signature="myFirstTest()[pri:0, instance:firstautomationprojectPSUT.MyTestCaese@2b5825fa]" started-at="2023-11-28T00:17:47 AST" name="myFirstTest" finished-at="2023-11-28T00:17:50 AST" duration-ms="2381" status="PASS">
          <reporter-output>
          </reporter-output>
        </test-method> <!-- myFirstTest -->
        <test-method signature="myFirstTest()[pri:0, instance:firstautomationprojectPSUT.MyTestCaese@2b5825fa]" started-at="2023-11-28T00:17:50 AST" name="myFirstTest" finished-at="2023-11-28T00:17:52 AST" duration-ms="2312" status="PASS">
          <reporter-output>
          </reporter-output>
        </test-method> <!-- myFirstTest -->
        <test-method signature="myFirstTest()[pri:0, instance:firstautomationprojectPSUT.MyTestCaese@2b5825fa]" started-at="2023-11-28T00:17:52 AST" name="myFirstTest" finished-at="2023-11-28T00:17:54 AST" duration-ms="2430" status="PASS">
          <reporter-output>
          </reporter-output>
        </test-method> <!-- myFirstTest -->
        <test-method signature="myFirstTest()[pri:0, instance:firstautomationprojectPSUT.MyTestCaese@2b5825fa]" started-at="2023-11-28T00:17:54 AST" name="myFirstTest" finished-at="2023-11-28T00:17:57 AST" duration-ms="2300" status="PASS">
          <reporter-output>
          </reporter-output>
        </test-method> <!-- myFirstTest -->
        <test-method signature="myFirstTest()[pri:0, instance:firstautomationprojectPSUT.MyTestCaese@2b5825fa]" started-at="2023-11-28T00:17:57 AST" name="myFirstTest" finished-at="2023-11-28T00:17:59 AST" duration-ms="2284" status="PASS">
          <reporter-output>
          </reporter-output>
        </test-method> <!-- myFirstTest -->
        <test-method signature="myFirstTest()[pri:0, instance:firstautomationprojectPSUT.MyTestCaese@2b5825fa]" started-at="2023-11-28T00:17:59 AST" name="myFirstTest" finished-at="2023-11-28T00:18:01 AST" duration-ms="2281" status="PASS">
          <reporter-output>
          </reporter-output>
        </test-method> <!-- myFirstTest -->
        <test-method is-config="true" signature="postTesting()[pri:0, instance:firstautomationprojectPSUT.MyTestCaese@2b5825fa]" started-at="2023-11-28T00:18:01 AST" name="postTesting" finished-at="2023-11-28T00:18:01 AST" duration-ms="0" status="PASS">
          <reporter-output>
          </reporter-output>
        </test-method> <!-- postTesting -->
      </class> <!-- firstautomationprojectPSUT.MyTestCaese -->
    </test> <!-- Default test -->
  </suite> <!-- Default suite -->
</testng-results>
